<?xml version="1.0" encoding="UTF-8"?>
<!-- Generated by org.testng.reporters.JUnitReportReporter -->
<testsuite hostname="BDC4-L-8NGQPQ2" name="test.ClearTrip_Assignment_2Test" tests="1" failures="0" timestamp="15 Jun 2019 08:06:50 GMT" time="11.838" errors="0">
  <testcase name="perform_drag_drop" time="11.838" classname="test.ClearTrip_Assignment_2Test"/>
</testsuite> <!-- test.ClearTrip_Assignment_2Test -->
