<?xml version="1.0" encoding="UTF-8"?>
<!-- Generated by org.testng.reporters.JUnitReportReporter -->
<testsuite hostname="BDC4-L-8NGQPQ2" name="test.ResizeAndDrag_Assignment_1Test" tests="2" failures="0" timestamp="14 Jun 2019 13:22:51 GMT" time="13.271" errors="0">
  <testcase name="click_on_Resizable" time="10.256" classname="test.ResizeAndDrag_Assignment_1Test"/>
  <testcase name="perform_drag_drop" time="3.015" classname="test.ResizeAndDrag_Assignment_1Test"/>
</testsuite> <!-- test.ResizeAndDrag_Assignment_1Test -->
