<?xml version="1.0" encoding="UTF-8"?>
<!-- Generated by org.testng.reporters.JUnitReportReporter -->
<testsuite hostname="BDC4-L-8NGQPQ2" name="test.ClearTrip_Assignment_2Test" tests="5" failures="0" timestamp="17 Jun 2019 09:02:18 GMT" time="50.623" errors="0">
  <testcase name="select_from_city" time="2.779" classname="test.ClearTrip_Assignment_2Test"/>
  <testcase name="click_On_Search" time="22.670" classname="test.ClearTrip_Assignment_2Test"/>
  <testcase name="select_Datepicker" time="4.766" classname="test.ClearTrip_Assignment_2Test"/>
  <testcase name="open_application_url" time="18.004" classname="test.ClearTrip_Assignment_2Test"/>
  <testcase name="select_To_city" time="2.404" classname="test.ClearTrip_Assignment_2Test"/>
</testsuite> <!-- test.ClearTrip_Assignment_2Test -->
