<?xml version="1.0" encoding="UTF-8"?>
<!-- Generated by org.testng.reporters.JUnitReportReporter -->
<testsuite hostname="BDC4-L-8NGQPQ2" name="test.ResizeAndDrag_Assignment_1Test" tests="2" failures="0" timestamp="17 Jun 2019 09:02:18 GMT" time="21.245" errors="0">
  <testcase name="click_on_Resizable" time="12.554" classname="test.ResizeAndDrag_Assignment_1Test"/>
  <testcase name="perform_drag_drop" time="8.691" classname="test.ResizeAndDrag_Assignment_1Test"/>
</testsuite> <!-- test.ResizeAndDrag_Assignment_1Test -->
