<?xml version="1.0" encoding="UTF-8"?>
<!-- Generated by org.testng.reporters.JUnitReportReporter -->
<testsuite hostname="BDC4-L-8NGQPQ2" name="test.ClearTrip_Assignment_2Test" tests="1" failures="0" timestamp="14 Jun 2019 13:22:51 GMT" time="13.754" errors="0">
  <testcase name="perform_drag_drop" time="13.754" classname="test.ClearTrip_Assignment_2Test"/>
</testsuite> <!-- test.ClearTrip_Assignment_2Test -->
