<?xml version="1.0" encoding="UTF-8"?>
<!-- Generated by org.testng.reporters.JUnitReportReporter -->
<testsuite hostname="BDC4-L-8NGQPQ2" name="test.ResizeTest" tests="1" failures="0" timestamp="14 Jun 2019 12:51:30 GMT" time="11.542" errors="0">
  <testcase name="click_on_Resizable" time="11.542" classname="test.ResizeTest"/>
</testsuite> <!-- test.ResizeTest -->
